<?xml version="1.0" encoding="UTF-8"?>
<coverage generated="1741687855666" clover="3.2.0">
  <project timestamp="1741687855666" name="All files">
    <metrics statements="100" coveredstatements="87" conditionals="86" coveredconditionals="56" methods="42" coveredmethods="38" elements="228" coveredelements="181" complexity="0" loc="100" ncloc="100" packages="1" files="9" classes="9"/>
    <file name="Button.jsx" path="/home/xs526-maaans/l2-modules/new/librarymanagement/frontend/src/components/Button.jsx">
      <metrics statements="2" coveredstatements="2" conditionals="8" coveredconditionals="7" methods="1" coveredmethods="1"/>
      <line num="4" count="3" type="stmt"/>
      <line num="5" count="33" type="stmt"/>
    </file>
    <file name="Input.jsx" path="/home/xs526-maaans/l2-modules/new/librarymanagement/frontend/src/components/Input.jsx">
      <metrics statements="2" coveredstatements="2" conditionals="6" coveredconditionals="6" methods="1" coveredmethods="1"/>
      <line num="4" count="1" type="stmt"/>
      <line num="5" count="5" type="stmt"/>
    </file>
    <file name="Modal.jsx" path="/home/xs526-maaans/l2-modules/new/librarymanagement/frontend/src/components/Modal.jsx">
      <metrics statements="16" coveredstatements="16" conditionals="8" coveredconditionals="5" methods="6" coveredmethods="6"/>
      <line num="7" count="1" type="stmt"/>
      <line num="8" count="6" type="stmt"/>
      <line num="9" count="6" type="stmt"/>
      <line num="10" count="1" type="cond" truecount="1" falsecount="1"/>
      <line num="11" count="1" type="stmt"/>
      <line num="15" count="6" type="cond" truecount="1" falsecount="1"/>
      <line num="16" count="6" type="stmt"/>
      <line num="17" count="6" type="stmt"/>
      <line num="20" count="6" type="stmt"/>
      <line num="21" count="6" type="stmt"/>
      <line num="22" count="6" type="stmt"/>
      <line num="26" count="6" type="stmt"/>
      <line num="27" count="2" type="cond" truecount="2" falsecount="0"/>
      <line num="28" count="1" type="stmt"/>
      <line num="32" count="6" type="stmt"/>
      <line num="43" count="1" type="stmt"/>
    </file>
    <file name="PageHeader.jsx" path="/home/xs526-maaans/l2-modules/new/librarymanagement/frontend/src/components/PageHeader.jsx">
      <metrics statements="4" coveredstatements="4" conditionals="4" coveredconditionals="4" methods="2" coveredmethods="2"/>
      <line num="7" count="1" type="stmt"/>
      <line num="11" count="4" type="cond" truecount="2" falsecount="0"/>
      <line num="13" count="4" type="cond" truecount="2" falsecount="0"/>
      <line num="16" count="4" type="stmt"/>
    </file>
    <file name="Pagination.jsx" path="/home/xs526-maaans/l2-modules/new/librarymanagement/frontend/src/components/Pagination.jsx">
      <metrics statements="10" coveredstatements="10" conditionals="2" coveredconditionals="2" methods="4" coveredmethods="4"/>
      <line num="5" count="1" type="stmt"/>
      <line num="7" count="13" type="stmt"/>
      <line num="8" count="13" type="stmt"/>
      <line num="9" count="13" type="stmt"/>
      <line num="10" count="13" type="stmt"/>
      <line num="12" count="13" type="stmt"/>
      <line num="14" count="5" type="stmt"/>
      <line num="17" count="13" type="stmt"/>
      <line num="19" count="2" type="cond" truecount="2" falsecount="0"/>
      <line num="21" count="3" type="stmt"/>
    </file>
    <file name="Select.jsx" path="/home/xs526-maaans/l2-modules/new/librarymanagement/frontend/src/components/Select.jsx">
      <metrics statements="3" coveredstatements="3" conditionals="4" coveredconditionals="2" methods="2" coveredmethods="2"/>
      <line num="4" count="1" type="cond" truecount="1" falsecount="1"/>
      <line num="5" count="2" type="stmt"/>
      <line num="12" count="4" type="stmt"/>
    </file>
    <file name="Sidebar.jsx" path="/home/xs526-maaans/l2-modules/new/librarymanagement/frontend/src/components/Sidebar.jsx">
      <metrics statements="15" coveredstatements="9" conditionals="8" coveredconditionals="2" methods="6" coveredmethods="3"/>
      <line num="8" count="1" type="cond" truecount="0" falsecount="2"/>
      <line num="9" count="4" type="stmt"/>
      <line num="10" count="4" type="stmt"/>
      <line num="11" count="4" type="stmt"/>
      <line num="13" count="4" type="stmt"/>
      <line num="14" count="1" type="stmt"/>
      <line num="17" count="4" type="stmt"/>
      <line num="18" count="0" type="stmt"/>
      <line num="19" count="0" type="stmt"/>
      <line num="20" count="0" type="stmt"/>
      <line num="21" count="0" type="stmt"/>
      <line num="24" count="4" type="stmt"/>
      <line num="43" count="0" type="stmt"/>
      <line num="45" count="0" type="stmt"/>
      <line num="61" count="2" type="stmt"/>
    </file>
    <file name="Table.jsx" path="/home/xs526-maaans/l2-modules/new/librarymanagement/frontend/src/components/Table.jsx">
      <metrics statements="43" coveredstatements="36" conditionals="43" coveredconditionals="26" methods="17" coveredmethods="16"/>
      <line num="6" count="1" type="stmt"/>
      <line num="13" count="12" type="stmt"/>
      <line num="14" count="12" type="stmt"/>
      <line num="15" count="12" type="stmt"/>
      <line num="16" count="12" type="stmt"/>
      <line num="17" count="12" type="stmt"/>
      <line num="19" count="12" type="stmt"/>
      <line num="20" count="5" type="cond" truecount="2" falsecount="0"/>
      <line num="21" count="4" type="cond" truecount="1" falsecount="1"/>
      <line num="25" count="12" type="stmt"/>
      <line num="26" count="5" type="cond" truecount="1" falsecount="1"/>
      <line num="27" count="5" type="cond" truecount="1" falsecount="1"/>
      <line num="31" count="12" type="stmt"/>
      <line num="32" count="1" type="stmt"/>
      <line num="33" count="1" type="stmt"/>
      <line num="34" count="1" type="stmt"/>
      <line num="37" count="12" type="stmt"/>
      <line num="38" count="1" type="stmt"/>
      <line num="39" count="1" type="stmt"/>
      <line num="40" count="1" type="stmt"/>
      <line num="43" count="12" type="stmt"/>
      <line num="44" count="0" type="cond" truecount="0" falsecount="2"/>
      <line num="46" count="0" type="stmt"/>
      <line num="47" count="0" type="stmt"/>
      <line num="48" count="0" type="cond" truecount="0" falsecount="2"/>
      <line num="49" count="0" type="stmt"/>
      <line num="50" count="0" type="stmt"/>
      <line num="51" count="0" type="stmt"/>
      <line num="54" count="12" type="stmt"/>
      <line num="60" count="14" type="stmt"/>
      <line num="64" count="12" type="stmt"/>
      <line num="71" count="6" type="stmt"/>
      <line num="73" count="12" type="stmt"/>
      <line num="80" count="6" type="stmt"/>
      <line num="83" count="1" type="stmt"/>
      <line num="91" count="6" type="stmt"/>
      <line num="92" count="6" type="stmt"/>
      <line num="100" count="1" type="stmt"/>
      <line num="153" count="1" type="stmt"/>
      <line num="187" count="1" type="stmt"/>
      <line num="188" count="18" type="cond" truecount="3" falsecount="1"/>
      <line num="189" count="18" type="stmt"/>
      <line num="190" count="18" type="cond" truecount="3" falsecount="1"/>
    </file>
    <file name="Tabs.jsx" path="/home/xs526-maaans/l2-modules/new/librarymanagement/frontend/src/components/Tabs.jsx">
      <metrics statements="5" coveredstatements="5" conditionals="3" coveredconditionals="2" methods="3" coveredmethods="3"/>
      <line num="9" count="1" type="cond" truecount="0" falsecount="1"/>
      <line num="11" count="3" type="stmt"/>
      <line num="13" count="3" type="stmt"/>
      <line num="17" count="9" type="stmt"/>
      <line num="18" count="1" type="stmt"/>
    </file>
  </project>
</coverage>
