{"/home/xs526-maaans/l2-modules/new/librarymanagement/frontend/src/components/Button.jsx": {"path":"/home/xs526-maaans/l2-modules/new/librarymanagement/frontend/src/components/Button.jsx","statementMap":{"0":{"start":{"line":4,"column":15},"end":{"line":28,"column":1}},"1":{"start":{"line":5,"column":2},"end":{"line":27,"column":3}}},"fnMap":{"0":{"name":"(anonymous_0)","decl":{"start":{"line":4,"column":15},"end":{"line":4,"column":16}},"loc":{"start":{"line":4,"column":67},"end":{"line":28,"column":1}},"line":4}},"branchMap":{"0":{"loc":{"start":{"line":7,"column":5},"end":{"line":24,"column":45}},"type":"cond-expr","locations":[{"start":{"line":8,"column":4},"end":{"line":12,"column":109}},{"start":{"line":13,"column":8},"end":{"line":24,"column":45}}],"line":7},"1":{"loc":{"start":{"line":12,"column":55},"end":{"line":12,"column":90}},"type":"cond-expr","locations":[{"start":{"line":12,"column":63},"end":{"line":12,"column":85}},{"start":{"line":12,"column":86},"end":{"line":12,"column":90}}],"line":12},"2":{"loc":{"start":{"line":13,"column":8},"end":{"line":24,"column":45}},"type":"cond-expr","locations":[{"start":{"line":14,"column":8},"end":{"line":19,"column":45}},{"start":{"line":20,"column":9},"end":{"line":24,"column":45}}],"line":13},"3":{"loc":{"start":{"line":18,"column":12},"end":{"line":18,"column":56}},"type":"cond-expr","locations":[{"start":{"line":18,"column":21},"end":{"line":18,"column":51}},{"start":{"line":18,"column":52},"end":{"line":18,"column":56}}],"line":18}},"s":{"0":3,"1":33},"f":{"0":33},"b":{"0":[1,32],"1":[1,0],"2":[28,4],"3":[8,20]},"_coverageSchema":"1a1c01bbd47fc00a2c39e90264f33305004495a9","hash":"bc3741eb088e0671b181f986ee8bdaf301c5672f"}
,"/home/xs526-maaans/l2-modules/new/librarymanagement/frontend/src/components/Input.jsx": {"path":"/home/xs526-maaans/l2-modules/new/librarymanagement/frontend/src/components/Input.jsx","statementMap":{"0":{"start":{"line":4,"column":14},"end":{"line":18,"column":1}},"1":{"start":{"line":5,"column":4},"end":{"line":17,"column":6}}},"fnMap":{"0":{"name":"(anonymous_0)","decl":{"start":{"line":4,"column":14},"end":{"line":4,"column":15}},"loc":{"start":{"line":4,"column":85},"end":{"line":18,"column":1}},"line":4}},"branchMap":{"0":{"loc":{"start":{"line":8,"column":21},"end":{"line":8,"column":63}},"type":"cond-expr","locations":[{"start":{"line":8,"column":32},"end":{"line":8,"column":58}},{"start":{"line":8,"column":61},"end":{"line":8,"column":63}}],"line":8},"1":{"loc":{"start":{"line":11,"column":46},"end":{"line":11,"column":71}},"type":"cond-expr","locations":[{"start":{"line":11,"column":54},"end":{"line":11,"column":66}},{"start":{"line":11,"column":69},"end":{"line":11,"column":71}}],"line":11},"2":{"loc":{"start":{"line":15,"column":13},"end":{"line":15,"column":63}},"type":"binary-expr","locations":[{"start":{"line":15,"column":13},"end":{"line":15,"column":18}},{"start":{"line":15,"column":22},"end":{"line":15,"column":63}}],"line":15}},"s":{"0":1,"1":5},"f":{"0":5},"b":{"0":[1,4],"1":[2,3],"2":[5,2]},"_coverageSchema":"1a1c01bbd47fc00a2c39e90264f33305004495a9","hash":"bc078c82dfa323be6cff289597111917a06932d7"}
,"/home/xs526-maaans/l2-modules/new/librarymanagement/frontend/src/components/Modal.jsx": {"path":"/home/xs526-maaans/l2-modules/new/librarymanagement/frontend/src/components/Modal.jsx","statementMap":{"0":{"start":{"line":7,"column":14},"end":{"line":53,"column":1}},"1":{"start":{"line":8,"column":2},"end":{"line":24,"column":34}},"2":{"start":{"line":9,"column":26},"end":{"line":13,"column":5}},"3":{"start":{"line":10,"column":6},"end":{"line":12,"column":7}},"4":{"start":{"line":11,"column":8},"end":{"line":11,"column":29}},"5":{"start":{"line":15,"column":4},"end":{"line":18,"column":5}},"6":{"start":{"line":16,"column":6},"end":{"line":16,"column":46}},"7":{"start":{"line":17,"column":6},"end":{"line":17,"column":56}},"8":{"start":{"line":20,"column":4},"end":{"line":23,"column":6}},"9":{"start":{"line":21,"column":6},"end":{"line":21,"column":44}},"10":{"start":{"line":22,"column":6},"end":{"line":22,"column":59}},"11":{"start":{"line":26,"column":29},"end":{"line":30,"column":3}},"12":{"start":{"line":27,"column":4},"end":{"line":29,"column":5}},"13":{"start":{"line":28,"column":6},"end":{"line":28,"column":27}},"14":{"start":{"line":32,"column":2},"end":{"line":52,"column":2}},"15":{"start":{"line":43,"column":27},"end":{"line":43,"column":47}}},"fnMap":{"0":{"name":"(anonymous_0)","decl":{"start":{"line":7,"column":14},"end":{"line":7,"column":15}},"loc":{"start":{"line":7,"column":66},"end":{"line":53,"column":1}},"line":7},"1":{"name":"(anonymous_1)","decl":{"start":{"line":8,"column":12},"end":{"line":8,"column":13}},"loc":{"start":{"line":8,"column":18},"end":{"line":24,"column":3}},"line":8},"2":{"name":"(anonymous_2)","decl":{"start":{"line":9,"column":26},"end":{"line":9,"column":27}},"loc":{"start":{"line":9,"column":37},"end":{"line":13,"column":5}},"line":9},"3":{"name":"(anonymous_3)","decl":{"start":{"line":20,"column":11},"end":{"line":20,"column":12}},"loc":{"start":{"line":20,"column":17},"end":{"line":23,"column":5}},"line":20},"4":{"name":"(anonymous_4)","decl":{"start":{"line":26,"column":29},"end":{"line":26,"column":30}},"loc":{"start":{"line":26,"column":36},"end":{"line":30,"column":3}},"line":26},"5":{"name":"(anonymous_5)","decl":{"start":{"line":43,"column":21},"end":{"line":43,"column":22}},"loc":{"start":{"line":43,"column":27},"end":{"line":43,"column":47}},"line":43}},"branchMap":{"0":{"loc":{"start":{"line":10,"column":6},"end":{"line":12,"column":7}},"type":"if","locations":[{"start":{"line":10,"column":6},"end":{"line":12,"column":7}},{"start":{},"end":{}}],"line":10},"1":{"loc":{"start":{"line":15,"column":4},"end":{"line":18,"column":5}},"type":"if","locations":[{"start":{"line":15,"column":4},"end":{"line":18,"column":5}},{"start":{},"end":{}}],"line":15},"2":{"loc":{"start":{"line":27,"column":4},"end":{"line":29,"column":5}},"type":"if","locations":[{"start":{"line":27,"column":4},"end":{"line":29,"column":5}},{"start":{},"end":{}}],"line":27},"3":{"loc":{"start":{"line":35,"column":36},"end":{"line":35,"column":88}},"type":"cond-expr","locations":[{"start":{"line":35,"column":49},"end":{"line":35,"column":66}},{"start":{"line":35,"column":69},"end":{"line":35,"column":88}}],"line":35}},"s":{"0":1,"1":6,"2":6,"3":1,"4":1,"5":6,"6":6,"7":6,"8":6,"9":6,"10":6,"11":6,"12":2,"13":1,"14":6,"15":1},"f":{"0":6,"1":6,"2":1,"3":6,"4":2,"5":1},"b":{"0":[1,0],"1":[6,0],"2":[1,1],"3":[6,0]},"_coverageSchema":"1a1c01bbd47fc00a2c39e90264f33305004495a9","hash":"6cd459fa1f913212288478589467032e6e6b02b7"}
,"/home/xs526-maaans/l2-modules/new/librarymanagement/frontend/src/components/PageHeader.jsx": {"path":"/home/xs526-maaans/l2-modules/new/librarymanagement/frontend/src/components/PageHeader.jsx","statementMap":{"0":{"start":{"line":7,"column":19},"end":{"line":22,"column":5}},"1":{"start":{"line":11,"column":17},"end":{"line":11,"column":74}},"2":{"start":{"line":13,"column":20},"end":{"line":13,"column":77}},"3":{"start":{"line":13,"column":34},"end":{"line":13,"column":68}},"4":{"start":{"line":16,"column":8},"end":{"line":21,"column":9}}},"fnMap":{"0":{"name":"(anonymous_0)","decl":{"start":{"line":7,"column":19},"end":{"line":7,"column":20}},"loc":{"start":{"line":7,"column":34},"end":{"line":22,"column":5}},"line":7},"1":{"name":"(anonymous_1)","decl":{"start":{"line":13,"column":28},"end":{"line":13,"column":29}},"loc":{"start":{"line":13,"column":34},"end":{"line":13,"column":68}},"line":13}},"branchMap":{"0":{"loc":{"start":{"line":11,"column":17},"end":{"line":11,"column":74}},"type":"binary-expr","locations":[{"start":{"line":11,"column":17},"end":{"line":11,"column":57}},{"start":{"line":11,"column":61},"end":{"line":11,"column":74}}],"line":11},"1":{"loc":{"start":{"line":13,"column":34},"end":{"line":13,"column":68}},"type":"binary-expr","locations":[{"start":{"line":13,"column":34},"end":{"line":13,"column":52}},{"start":{"line":13,"column":56},"end":{"line":13,"column":68}}],"line":13}},"s":{"0":1,"1":4,"2":4,"3":4,"4":4},"f":{"0":4,"1":4},"b":{"0":[4,2],"1":[4,3]},"_coverageSchema":"1a1c01bbd47fc00a2c39e90264f33305004495a9","hash":"c5b2af080379c22cba79a06aeb3d9ea14508395c"}
,"/home/xs526-maaans/l2-modules/new/librarymanagement/frontend/src/components/Pagination.jsx": {"path":"/home/xs526-maaans/l2-modules/new/librarymanagement/frontend/src/components/Pagination.jsx","statementMap":{"0":{"start":{"line":5,"column":19},"end":{"line":25,"column":1}},"1":{"start":{"line":7,"column":42},"end":{"line":7,"column":53}},"2":{"start":{"line":8,"column":40},"end":{"line":8,"column":51}},"3":{"start":{"line":9,"column":40},"end":{"line":9,"column":51}},"4":{"start":{"line":10,"column":44},"end":{"line":10,"column":55}},"5":{"start":{"line":12,"column":4},"end":{"line":15,"column":37}},"6":{"start":{"line":14,"column":8},"end":{"line":14,"column":60}},"7":{"start":{"line":17,"column":4},"end":{"line":23,"column":5}},"8":{"start":{"line":19,"column":95},"end":{"line":19,"column":126}},"9":{"start":{"line":21,"column":57},"end":{"line":21,"column":88}}},"fnMap":{"0":{"name":"(anonymous_0)","decl":{"start":{"line":5,"column":19},"end":{"line":5,"column":20}},"loc":{"start":{"line":5,"column":25},"end":{"line":25,"column":1}},"line":5},"1":{"name":"(anonymous_1)","decl":{"start":{"line":12,"column":14},"end":{"line":12,"column":15}},"loc":{"start":{"line":12,"column":20},"end":{"line":15,"column":7}},"line":12},"2":{"name":"(anonymous_2)","decl":{"start":{"line":19,"column":89},"end":{"line":19,"column":90}},"loc":{"start":{"line":19,"column":95},"end":{"line":19,"column":126}},"line":19},"3":{"name":"(anonymous_3)","decl":{"start":{"line":21,"column":51},"end":{"line":21,"column":52}},"loc":{"start":{"line":21,"column":57},"end":{"line":21,"column":88}},"line":21}},"branchMap":{"0":{"loc":{"start":{"line":19,"column":30},"end":{"line":19,"column":56}},"type":"cond-expr","locations":[{"start":{"line":19,"column":46},"end":{"line":19,"column":50}},{"start":{"line":19,"column":51},"end":{"line":19,"column":56}}],"line":19}},"s":{"0":1,"1":13,"2":13,"3":13,"4":13,"5":13,"6":5,"7":13,"8":2,"9":3},"f":{"0":13,"1":5,"2":2,"3":3},"b":{"0":[7,6]},"_coverageSchema":"1a1c01bbd47fc00a2c39e90264f33305004495a9","hash":"8548ccab17ef8135817d19cbce87e7151cf0a5b6"}
,"/home/xs526-maaans/l2-modules/new/librarymanagement/frontend/src/components/Select.jsx": {"path":"/home/xs526-maaans/l2-modules/new/librarymanagement/frontend/src/components/Select.jsx","statementMap":{"0":{"start":{"line":4,"column":15},"end":{"line":20,"column":1}},"1":{"start":{"line":5,"column":2},"end":{"line":19,"column":4}},"2":{"start":{"line":12,"column":12},"end":{"line":14,"column":21}}},"fnMap":{"0":{"name":"(anonymous_0)","decl":{"start":{"line":4,"column":15},"end":{"line":4,"column":16}},"loc":{"start":{"line":4,"column":99},"end":{"line":20,"column":1}},"line":4},"1":{"name":"(anonymous_1)","decl":{"start":{"line":11,"column":23},"end":{"line":11,"column":24}},"loc":{"start":{"line":12,"column":12},"end":{"line":14,"column":21}},"line":12}},"branchMap":{"0":{"loc":{"start":{"line":4,"column":18},"end":{"line":4,"column":30}},"type":"default-arg","locations":[{"start":{"line":4,"column":28},"end":{"line":4,"column":30}}],"line":4},"1":{"loc":{"start":{"line":4,"column":49},"end":{"line":4,"column":74}},"type":"default-arg","locations":[{"start":{"line":4,"column":59},"end":{"line":4,"column":74}}],"line":4},"2":{"loc":{"start":{"line":7,"column":7},"end":{"line":7,"column":63}},"type":"binary-expr","locations":[{"start":{"line":7,"column":7},"end":{"line":7,"column":12}},{"start":{"line":7,"column":16},"end":{"line":7,"column":63}}],"line":7}},"s":{"0":1,"1":2,"2":4},"f":{"0":2,"1":4},"b":{"0":[0],"1":[2],"2":[2,0]},"_coverageSchema":"1a1c01bbd47fc00a2c39e90264f33305004495a9","hash":"cd42faeab5941c6788116b4dbad89b253a4ef876"}
,"/home/xs526-maaans/l2-modules/new/librarymanagement/frontend/src/components/Sidebar.jsx": {"path":"/home/xs526-maaans/l2-modules/new/librarymanagement/frontend/src/components/Sidebar.jsx","statementMap":{"0":{"start":{"line":8,"column":16},"end":{"line":68,"column":1}},"1":{"start":{"line":9,"column":30},"end":{"line":9,"column":51}},"2":{"start":{"line":10,"column":19},"end":{"line":10,"column":32}},"3":{"start":{"line":11,"column":42},"end":{"line":11,"column":57}},"4":{"start":{"line":13,"column":2},"end":{"line":15,"column":9}},"5":{"start":{"line":14,"column":4},"end":{"line":14,"column":45}},"6":{"start":{"line":17,"column":28},"end":{"line":22,"column":3}},"7":{"start":{"line":18,"column":4},"end":{"line":18,"column":27}},"8":{"start":{"line":19,"column":4},"end":{"line":19,"column":26}},"9":{"start":{"line":20,"column":4},"end":{"line":20,"column":47}},"10":{"start":{"line":21,"column":4},"end":{"line":21,"column":27}},"11":{"start":{"line":24,"column":2},"end":{"line":67,"column":4}},"12":{"start":{"line":43,"column":14},"end":{"line":50,"column":19}},"13":{"start":{"line":45,"column":31},"end":{"line":45,"column":56}},"14":{"start":{"line":61,"column":40},"end":{"line":61,"column":70}}},"fnMap":{"0":{"name":"(anonymous_0)","decl":{"start":{"line":8,"column":16},"end":{"line":8,"column":17}},"loc":{"start":{"line":8,"column":106},"end":{"line":68,"column":1}},"line":8},"1":{"name":"(anonymous_1)","decl":{"start":{"line":13,"column":12},"end":{"line":13,"column":13}},"loc":{"start":{"line":13,"column":18},"end":{"line":15,"column":3}},"line":13},"2":{"name":"(anonymous_2)","decl":{"start":{"line":17,"column":28},"end":{"line":17,"column":29}},"loc":{"start":{"line":17,"column":40},"end":{"line":22,"column":3}},"line":17},"3":{"name":"(anonymous_3)","decl":{"start":{"line":42,"column":25},"end":{"line":42,"column":26}},"loc":{"start":{"line":43,"column":14},"end":{"line":50,"column":19}},"line":43},"4":{"name":"(anonymous_4)","decl":{"start":{"line":45,"column":25},"end":{"line":45,"column":26}},"loc":{"start":{"line":45,"column":31},"end":{"line":45,"column":56}},"line":45},"5":{"name":"(anonymous_5)","decl":{"start":{"line":61,"column":34},"end":{"line":61,"column":35}},"loc":{"start":{"line":61,"column":40},"end":{"line":61,"column":70}},"line":61}},"branchMap":{"0":{"loc":{"start":{"line":8,"column":19},"end":{"line":8,"column":31}},"type":"default-arg","locations":[{"start":{"line":8,"column":29},"end":{"line":8,"column":31}}],"line":8},"1":{"loc":{"start":{"line":8,"column":33},"end":{"line":8,"column":91}},"type":"default-arg","locations":[{"start":{"line":8,"column":40},"end":{"line":8,"column":91}}],"line":8},"2":{"loc":{"start":{"line":27,"column":67},"end":{"line":27,"column":98}},"type":"cond-expr","locations":[{"start":{"line":27,"column":82},"end":{"line":27,"column":93}},{"start":{"line":27,"column":96},"end":{"line":27,"column":98}}],"line":27},"3":{"loc":{"start":{"line":46,"column":47},"end":{"line":46,"column":97}},"type":"cond-expr","locations":[{"start":{"line":46,"column":72},"end":{"line":46,"column":92}},{"start":{"line":46,"column":95},"end":{"line":46,"column":97}}],"line":46},"4":{"loc":{"start":{"line":48,"column":63},"end":{"line":48,"column":111}},"type":"cond-expr","locations":[{"start":{"line":48,"column":88},"end":{"line":48,"column":106}},{"start":{"line":48,"column":109},"end":{"line":48,"column":111}}],"line":48}},"s":{"0":1,"1":4,"2":4,"3":4,"4":4,"5":1,"6":4,"7":0,"8":0,"9":0,"10":0,"11":4,"12":0,"13":0,"14":2},"f":{"0":4,"1":1,"2":0,"3":0,"4":0,"5":2},"b":{"0":[0],"1":[0],"2":[1,3],"3":[0,0],"4":[0,0]},"_coverageSchema":"1a1c01bbd47fc00a2c39e90264f33305004495a9","hash":"844eb557f9ee767bb0b61078b848e658bd6cfbe3"}
,"/home/xs526-maaans/l2-modules/new/librarymanagement/frontend/src/components/Table.jsx": {"path":"/home/xs526-maaans/l2-modules/new/librarymanagement/frontend/src/components/Table.jsx","statementMap":{"0":{"start":{"line":6,"column":14},"end":{"line":184,"column":1}},"1":{"start":{"line":13,"column":36},"end":{"line":13,"column":48}},"2":{"start":{"line":14,"column":31},"end":{"line":14,"column":43}},"3":{"start":{"line":15,"column":40},"end":{"line":15,"column":55}},"4":{"start":{"line":16,"column":44},"end":{"line":16,"column":58}},"5":{"start":{"line":17,"column":52},"end":{"line":17,"column":64}},"6":{"start":{"line":19,"column":2},"end":{"line":23,"column":13}},"7":{"start":{"line":20,"column":4},"end":{"line":22,"column":5}},"8":{"start":{"line":21,"column":6},"end":{"line":21,"column":31}},"9":{"start":{"line":25,"column":2},"end":{"line":29,"column":18}},"10":{"start":{"line":26,"column":4},"end":{"line":28,"column":5}},"11":{"start":{"line":27,"column":6},"end":{"line":27,"column":36}},"12":{"start":{"line":31,"column":25},"end":{"line":35,"column":3}},"13":{"start":{"line":32,"column":4},"end":{"line":32,"column":32}},"14":{"start":{"line":33,"column":4},"end":{"line":33,"column":36}},"15":{"start":{"line":34,"column":4},"end":{"line":34,"column":25}},"16":{"start":{"line":37,"column":21},"end":{"line":41,"column":3}},"17":{"start":{"line":38,"column":4},"end":{"line":38,"column":26}},"18":{"start":{"line":39,"column":4},"end":{"line":39,"column":27}},"19":{"start":{"line":40,"column":4},"end":{"line":40,"column":29}},"20":{"start":{"line":43,"column":24},"end":{"line":52,"column":3}},"21":{"start":{"line":44,"column":4},"end":{"line":44,"column":31}},"22":{"start":{"line":44,"column":24},"end":{"line":44,"column":31}},"23":{"start":{"line":46,"column":17},"end":{"line":46,"column":44}},"24":{"start":{"line":47,"column":4},"end":{"line":47,"column":57}},"25":{"start":{"line":48,"column":4},"end":{"line":48,"column":58}},"26":{"start":{"line":49,"column":4},"end":{"line":49,"column":36}},"27":{"start":{"line":50,"column":4},"end":{"line":50,"column":17}},"28":{"start":{"line":51,"column":4},"end":{"line":51,"column":36}},"29":{"start":{"line":54,"column":2},"end":{"line":183,"column":4}},"30":{"start":{"line":60,"column":14},"end":{"line":60,"column":47}},"31":{"start":{"line":64,"column":14},"end":{"line":64,"column":50}},"32":{"start":{"line":71,"column":14},"end":{"line":106,"column":19}},"33":{"start":{"line":73,"column":18},"end":{"line":75,"column":23}},"34":{"start":{"line":80,"column":22},"end":{"line":86,"column":31}},"35":{"start":{"line":83,"column":39},"end":{"line":83,"column":58}},"36":{"start":{"line":91,"column":36},"end":{"line":91,"column":60}},"37":{"start":{"line":92,"column":18},"end":{"line":104,"column":20}},"38":{"start":{"line":100,"column":41},"end":{"line":100,"column":87}},"39":{"start":{"line":153,"column":26},"end":{"line":153,"column":45}},"40":{"start":{"line":187,"column":23},"end":{"line":192,"column":1}},"41":{"start":{"line":188,"column":2},"end":{"line":188,"column":31}},"42":{"start":{"line":188,"column":21},"end":{"line":188,"column":31}},"43":{"start":{"line":189,"column":2},"end":{"line":191,"column":4}},"44":{"start":{"line":190,"column":5},"end":{"line":190,"column":50}}},"fnMap":{"0":{"name":"(anonymous_0)","decl":{"start":{"line":6,"column":14},"end":{"line":6,"column":15}},"loc":{"start":{"line":12,"column":6},"end":{"line":184,"column":1}},"line":12},"1":{"name":"(anonymous_1)","decl":{"start":{"line":19,"column":12},"end":{"line":19,"column":13}},"loc":{"start":{"line":19,"column":18},"end":{"line":23,"column":3}},"line":19},"2":{"name":"(anonymous_2)","decl":{"start":{"line":25,"column":12},"end":{"line":25,"column":13}},"loc":{"start":{"line":25,"column":18},"end":{"line":29,"column":3}},"line":25},"3":{"name":"(anonymous_3)","decl":{"start":{"line":31,"column":25},"end":{"line":31,"column":26}},"loc":{"start":{"line":31,"column":51},"end":{"line":35,"column":3}},"line":31},"4":{"name":"(anonymous_4)","decl":{"start":{"line":37,"column":21},"end":{"line":37,"column":22}},"loc":{"start":{"line":37,"column":27},"end":{"line":41,"column":3}},"line":37},"5":{"name":"(anonymous_5)","decl":{"start":{"line":43,"column":24},"end":{"line":43,"column":25}},"loc":{"start":{"line":43,"column":30},"end":{"line":52,"column":3}},"line":43},"6":{"name":"(anonymous_6)","decl":{"start":{"line":59,"column":27},"end":{"line":59,"column":28}},"loc":{"start":{"line":60,"column":14},"end":{"line":60,"column":47}},"line":60},"7":{"name":"(anonymous_7)","decl":{"start":{"line":63,"column":50},"end":{"line":63,"column":51}},"loc":{"start":{"line":64,"column":14},"end":{"line":64,"column":50}},"line":64},"8":{"name":"(anonymous_8)","decl":{"start":{"line":70,"column":21},"end":{"line":70,"column":22}},"loc":{"start":{"line":71,"column":14},"end":{"line":106,"column":19}},"line":71},"9":{"name":"(anonymous_9)","decl":{"start":{"line":72,"column":31},"end":{"line":72,"column":32}},"loc":{"start":{"line":73,"column":18},"end":{"line":75,"column":23}},"line":73},"10":{"name":"(anonymous_10)","decl":{"start":{"line":79,"column":33},"end":{"line":79,"column":34}},"loc":{"start":{"line":80,"column":22},"end":{"line":86,"column":31}},"line":80},"11":{"name":"(anonymous_11)","decl":{"start":{"line":83,"column":33},"end":{"line":83,"column":34}},"loc":{"start":{"line":83,"column":39},"end":{"line":83,"column":58}},"line":83},"12":{"name":"(anonymous_12)","decl":{"start":{"line":90,"column":30},"end":{"line":90,"column":31}},"loc":{"start":{"line":90,"column":49},"end":{"line":105,"column":17}},"line":90},"13":{"name":"(anonymous_13)","decl":{"start":{"line":100,"column":35},"end":{"line":100,"column":36}},"loc":{"start":{"line":100,"column":41},"end":{"line":100,"column":87}},"line":100},"14":{"name":"(anonymous_14)","decl":{"start":{"line":153,"column":21},"end":{"line":153,"column":22}},"loc":{"start":{"line":153,"column":26},"end":{"line":153,"column":45}},"line":153},"15":{"name":"(anonymous_15)","decl":{"start":{"line":187,"column":23},"end":{"line":187,"column":24}},"loc":{"start":{"line":187,"column":38},"end":{"line":192,"column":1}},"line":187},"16":{"name":"(anonymous_16)","decl":{"start":{"line":189,"column":32},"end":{"line":189,"column":33}},"loc":{"start":{"line":190,"column":5},"end":{"line":190,"column":50}},"line":190}},"branchMap":{"0":{"loc":{"start":{"line":7,"column":2},"end":{"line":7,"column":11}},"type":"default-arg","locations":[{"start":{"line":7,"column":9},"end":{"line":7,"column":11}}],"line":7},"1":{"loc":{"start":{"line":8,"column":2},"end":{"line":8,"column":16}},"type":"default-arg","locations":[{"start":{"line":8,"column":14},"end":{"line":8,"column":16}}],"line":8},"2":{"loc":{"start":{"line":9,"column":2},"end":{"line":9,"column":14}},"type":"default-arg","locations":[{"start":{"line":9,"column":12},"end":{"line":9,"column":14}}],"line":9},"3":{"loc":{"start":{"line":10,"column":2},"end":{"line":10,"column":15}},"type":"default-arg","locations":[{"start":{"line":10,"column":13},"end":{"line":10,"column":15}}],"line":10},"4":{"loc":{"start":{"line":11,"column":2},"end":{"line":11,"column":16}},"type":"default-arg","locations":[{"start":{"line":11,"column":14},"end":{"line":11,"column":16}}],"line":11},"5":{"loc":{"start":{"line":20,"column":4},"end":{"line":22,"column":5}},"type":"if","locations":[{"start":{"line":20,"column":4},"end":{"line":22,"column":5}},{"start":{},"end":{}}],"line":20},"6":{"loc":{"start":{"line":21,"column":19},"end":{"line":21,"column":29}},"type":"binary-expr","locations":[{"start":{"line":21,"column":19},"end":{"line":21,"column":23}},{"start":{"line":21,"column":27},"end":{"line":21,"column":29}}],"line":21},"7":{"loc":{"start":{"line":26,"column":4},"end":{"line":28,"column":5}},"type":"if","locations":[{"start":{"line":26,"column":4},"end":{"line":28,"column":5}},{"start":{},"end":{}}],"line":26},"8":{"loc":{"start":{"line":27,"column":19},"end":{"line":27,"column":34}},"type":"binary-expr","locations":[{"start":{"line":27,"column":19},"end":{"line":27,"column":28}},{"start":{"line":27,"column":32},"end":{"line":27,"column":34}}],"line":27},"9":{"loc":{"start":{"line":44,"column":4},"end":{"line":44,"column":31}},"type":"if","locations":[{"start":{"line":44,"column":4},"end":{"line":44,"column":31}},{"start":{},"end":{}}],"line":44},"10":{"loc":{"start":{"line":48,"column":23},"end":{"line":48,"column":51}},"type":"binary-expr","locations":[{"start":{"line":48,"column":23},"end":{"line":48,"column":40}},{"start":{"line":48,"column":44},"end":{"line":48,"column":51}}],"line":48},"11":{"loc":{"start":{"line":62,"column":13},"end":{"line":62,"column":51}},"type":"binary-expr","locations":[{"start":{"line":62,"column":13},"end":{"line":62,"column":31}},{"start":{"line":62,"column":35},"end":{"line":62,"column":51}}],"line":62},"12":{"loc":{"start":{"line":63,"column":13},"end":{"line":65,"column":14}},"type":"binary-expr","locations":[{"start":{"line":63,"column":13},"end":{"line":63,"column":32}},{"start":{"line":63,"column":36},"end":{"line":65,"column":14}}],"line":63},"13":{"loc":{"start":{"line":69,"column":11},"end":{"line":121,"column":11}},"type":"cond-expr","locations":[{"start":{"line":70,"column":12},"end":{"line":107,"column":14}},{"start":{"line":109,"column":12},"end":{"line":120,"column":17}}],"line":69},"14":{"loc":{"start":{"line":74,"column":21},"end":{"line":74,"column":105}},"type":"cond-expr","locations":[{"start":{"line":74,"column":34},"end":{"line":74,"column":74}},{"start":{"line":74,"column":77},"end":{"line":74,"column":105}}],"line":74},"15":{"loc":{"start":{"line":77,"column":17},"end":{"line":89,"column":17}},"type":"binary-expr","locations":[{"start":{"line":77,"column":17},"end":{"line":77,"column":35}},{"start":{"line":78,"column":18},"end":{"line":88,"column":23}}],"line":77},"16":{"loc":{"start":{"line":94,"column":23},"end":{"line":102,"column":23}},"type":"binary-expr","locations":[{"start":{"line":94,"column":23},"end":{"line":94,"column":32}},{"start":{"line":95,"column":24},"end":{"line":101,"column":26}}],"line":94},"17":{"loc":{"start":{"line":97,"column":31},"end":{"line":97,"column":61}},"type":"binary-expr","locations":[{"start":{"line":97,"column":31},"end":{"line":97,"column":50}},{"start":{"line":97,"column":54},"end":{"line":97,"column":61}}],"line":97},"18":{"loc":{"start":{"line":113,"column":19},"end":{"line":113,"column":45}},"type":"cond-expr","locations":[{"start":{"line":113,"column":40},"end":{"line":113,"column":41}},{"start":{"line":113,"column":44},"end":{"line":113,"column":45}}],"line":113},"19":{"loc":{"start":{"line":126,"column":7},"end":{"line":181,"column":7}},"type":"binary-expr","locations":[{"start":{"line":126,"column":7},"end":{"line":126,"column":18}},{"start":{"line":127,"column":8},"end":{"line":180,"column":14}}],"line":126},"20":{"loc":{"start":{"line":188,"column":2},"end":{"line":188,"column":31}},"type":"if","locations":[{"start":{"line":188,"column":2},"end":{"line":188,"column":31}},{"start":{},"end":{}}],"line":188},"21":{"loc":{"start":{"line":188,"column":6},"end":{"line":188,"column":19}},"type":"binary-expr","locations":[{"start":{"line":188,"column":6},"end":{"line":188,"column":10}},{"start":{"line":188,"column":14},"end":{"line":188,"column":19}}],"line":188},"22":{"loc":{"start":{"line":190,"column":5},"end":{"line":190,"column":50}},"type":"cond-expr","locations":[{"start":{"line":190,"column":37},"end":{"line":190,"column":45}},{"start":{"line":190,"column":48},"end":{"line":190,"column":50}}],"line":190},"23":{"loc":{"start":{"line":190,"column":5},"end":{"line":190,"column":34}},"type":"binary-expr","locations":[{"start":{"line":190,"column":5},"end":{"line":190,"column":8}},{"start":{"line":190,"column":12},"end":{"line":190,"column":34}}],"line":190}},"s":{"0":1,"1":12,"2":12,"3":12,"4":12,"5":12,"6":12,"7":5,"8":4,"9":12,"10":5,"11":5,"12":12,"13":1,"14":1,"15":1,"16":12,"17":1,"18":1,"19":1,"20":12,"21":0,"22":0,"23":0,"24":0,"25":0,"26":0,"27":0,"28":0,"29":12,"30":14,"31":12,"32":6,"33":12,"34":6,"35":1,"36":6,"37":6,"38":1,"39":1,"40":1,"41":18,"42":0,"43":18,"44":18},"f":{"0":12,"1":5,"2":5,"3":1,"4":1,"5":0,"6":14,"7":12,"8":6,"9":12,"10":6,"11":1,"12":6,"13":1,"14":1,"15":18,"16":18},"b":{"0":[0],"1":[0],"2":[0],"3":[0],"4":[0],"5":[4,1],"6":[4,0],"7":[5,0],"8":[5,0],"9":[0,0],"10":[0,0],"11":[12,12],"12":[12,12],"13":[6,6],"14":[0,12],"15":[6,6],"16":[6,6],"17":[6,0],"18":[6,0],"19":[12,1],"20":[0,18],"21":[18,18],"22":[18,0],"23":[18,18]},"_coverageSchema":"1a1c01bbd47fc00a2c39e90264f33305004495a9","hash":"2688f283dc523c6d99481588a69b263384995600"}
,"/home/xs526-maaans/l2-modules/new/librarymanagement/frontend/src/components/Tabs.jsx": {"path":"/home/xs526-maaans/l2-modules/new/librarymanagement/frontend/src/components/Tabs.jsx","statementMap":{"0":{"start":{"line":9,"column":13},"end":{"line":26,"column":1}},"1":{"start":{"line":11,"column":34},"end":{"line":11,"column":48}},"2":{"start":{"line":13,"column":4},"end":{"line":25,"column":5}},"3":{"start":{"line":17,"column":20},"end":{"line":21,"column":25}},"4":{"start":{"line":18,"column":35},"end":{"line":18,"column":54}}},"fnMap":{"0":{"name":"(anonymous_0)","decl":{"start":{"line":9,"column":13},"end":{"line":9,"column":14}},"loc":{"start":{"line":9,"column":49},"end":{"line":26,"column":1}},"line":9},"1":{"name":"(anonymous_1)","decl":{"start":{"line":16,"column":29},"end":{"line":16,"column":30}},"loc":{"start":{"line":17,"column":20},"end":{"line":21,"column":25}},"line":17},"2":{"name":"(anonymous_2)","decl":{"start":{"line":18,"column":29},"end":{"line":18,"column":30}},"loc":{"start":{"line":18,"column":35},"end":{"line":18,"column":54}},"line":18}},"branchMap":{"0":{"loc":{"start":{"line":9,"column":15},"end":{"line":9,"column":22}},"type":"default-arg","locations":[{"start":{"line":9,"column":20},"end":{"line":9,"column":22}}],"line":9},"1":{"loc":{"start":{"line":19,"column":48},"end":{"line":19,"column":88}},"type":"cond-expr","locations":[{"start":{"line":19,"column":70},"end":{"line":19,"column":83}},{"start":{"line":19,"column":86},"end":{"line":19,"column":88}}],"line":19}},"s":{"0":1,"1":3,"2":3,"3":9,"4":1},"f":{"0":3,"1":9,"2":1},"b":{"0":[0],"1":[3,6]},"_coverageSchema":"1a1c01bbd47fc00a2c39e90264f33305004495a9","hash":"11d9737b5a9ff05c5c1decbb25e6b53406f6a1eb"}
}
