TN:
SF:src/components/Button.jsx
FN:4,(anonymous_0)
FNF:1
FNH:1
FNDA:33,(anonymous_0)
DA:4,3
DA:5,33
LF:2
LH:2
BRDA:7,0,0,1
BRDA:7,0,1,32
BRDA:12,1,0,1
BRDA:12,1,1,0
BRDA:13,2,0,28
BRDA:13,2,1,4
BRDA:18,3,0,8
BRDA:18,3,1,20
BRF:8
BRH:7
end_of_record
TN:
SF:src/components/Input.jsx
FN:4,(anonymous_0)
FNF:1
FNH:1
FNDA:5,(anonymous_0)
DA:4,1
DA:5,5
LF:2
LH:2
BRDA:8,0,0,1
BRDA:8,0,1,4
BRDA:11,1,0,2
BRDA:11,1,1,3
BRDA:15,2,0,5
BRDA:15,2,1,2
BRF:6
BRH:6
end_of_record
TN:
SF:src/components/Modal.jsx
FN:7,(anonymous_0)
FN:8,(anonymous_1)
FN:9,(anonymous_2)
FN:20,(anonymous_3)
FN:26,(anonymous_4)
FN:43,(anonymous_5)
FNF:6
FNH:6
FNDA:6,(anonymous_0)
FNDA:6,(anonymous_1)
FNDA:1,(anonymous_2)
FNDA:6,(anonymous_3)
FNDA:2,(anonymous_4)
FNDA:1,(anonymous_5)
DA:7,1
DA:8,6
DA:9,6
DA:10,1
DA:11,1
DA:15,6
DA:16,6
DA:17,6
DA:20,6
DA:21,6
DA:22,6
DA:26,6
DA:27,2
DA:28,1
DA:32,6
DA:43,1
LF:16
LH:16
BRDA:10,0,0,1
BRDA:10,0,1,0
BRDA:15,1,0,6
BRDA:15,1,1,0
BRDA:27,2,0,1
BRDA:27,2,1,1
BRDA:35,3,0,6
BRDA:35,3,1,0
BRF:8
BRH:5
end_of_record
TN:
SF:src/components/PageHeader.jsx
FN:7,(anonymous_0)
FN:13,(anonymous_1)
FNF:2
FNH:2
FNDA:4,(anonymous_0)
FNDA:4,(anonymous_1)
DA:7,1
DA:11,4
DA:13,4
DA:16,4
LF:4
LH:4
BRDA:11,0,0,4
BRDA:11,0,1,2
BRDA:13,1,0,4
BRDA:13,1,1,3
BRF:4
BRH:4
end_of_record
TN:
SF:src/components/Pagination.jsx
FN:5,(anonymous_0)
FN:12,(anonymous_1)
FN:19,(anonymous_2)
FN:21,(anonymous_3)
FNF:4
FNH:4
FNDA:13,(anonymous_0)
FNDA:5,(anonymous_1)
FNDA:2,(anonymous_2)
FNDA:3,(anonymous_3)
DA:5,1
DA:7,13
DA:8,13
DA:9,13
DA:10,13
DA:12,13
DA:14,5
DA:17,13
DA:19,2
DA:21,3
LF:10
LH:10
BRDA:19,0,0,7
BRDA:19,0,1,6
BRF:2
BRH:2
end_of_record
TN:
SF:src/components/Select.jsx
FN:4,(anonymous_0)
FN:11,(anonymous_1)
FNF:2
FNH:2
FNDA:2,(anonymous_0)
FNDA:4,(anonymous_1)
DA:4,1
DA:5,2
DA:12,4
LF:3
LH:3
BRDA:4,0,0,0
BRDA:4,1,0,2
BRDA:7,2,0,2
BRDA:7,2,1,0
BRF:4
BRH:2
end_of_record
TN:
SF:src/components/Sidebar.jsx
FN:8,(anonymous_0)
FN:13,(anonymous_1)
FN:17,(anonymous_2)
FN:42,(anonymous_3)
FN:45,(anonymous_4)
FN:61,(anonymous_5)
FNF:6
FNH:3
FNDA:4,(anonymous_0)
FNDA:1,(anonymous_1)
FNDA:0,(anonymous_2)
FNDA:0,(anonymous_3)
FNDA:0,(anonymous_4)
FNDA:2,(anonymous_5)
DA:8,1
DA:9,4
DA:10,4
DA:11,4
DA:13,4
DA:14,1
DA:17,4
DA:18,0
DA:19,0
DA:20,0
DA:21,0
DA:24,4
DA:43,0
DA:45,0
DA:61,2
LF:15
LH:9
BRDA:8,0,0,0
BRDA:8,1,0,0
BRDA:27,2,0,1
BRDA:27,2,1,3
BRDA:46,3,0,0
BRDA:46,3,1,0
BRDA:48,4,0,0
BRDA:48,4,1,0
BRF:8
BRH:2
end_of_record
TN:
SF:src/components/Table.jsx
FN:6,(anonymous_0)
FN:19,(anonymous_1)
FN:25,(anonymous_2)
FN:31,(anonymous_3)
FN:37,(anonymous_4)
FN:43,(anonymous_5)
FN:59,(anonymous_6)
FN:63,(anonymous_7)
FN:70,(anonymous_8)
FN:72,(anonymous_9)
FN:79,(anonymous_10)
FN:83,(anonymous_11)
FN:90,(anonymous_12)
FN:100,(anonymous_13)
FN:153,(anonymous_14)
FN:187,(anonymous_15)
FN:189,(anonymous_16)
FNF:17
FNH:16
FNDA:12,(anonymous_0)
FNDA:5,(anonymous_1)
FNDA:5,(anonymous_2)
FNDA:1,(anonymous_3)
FNDA:1,(anonymous_4)
FNDA:0,(anonymous_5)
FNDA:14,(anonymous_6)
FNDA:12,(anonymous_7)
FNDA:6,(anonymous_8)
FNDA:12,(anonymous_9)
FNDA:6,(anonymous_10)
FNDA:1,(anonymous_11)
FNDA:6,(anonymous_12)
FNDA:1,(anonymous_13)
FNDA:1,(anonymous_14)
FNDA:18,(anonymous_15)
FNDA:18,(anonymous_16)
DA:6,1
DA:13,12
DA:14,12
DA:15,12
DA:16,12
DA:17,12
DA:19,12
DA:20,5
DA:21,4
DA:25,12
DA:26,5
DA:27,5
DA:31,12
DA:32,1
DA:33,1
DA:34,1
DA:37,12
DA:38,1
DA:39,1
DA:40,1
DA:43,12
DA:44,0
DA:46,0
DA:47,0
DA:48,0
DA:49,0
DA:50,0
DA:51,0
DA:54,12
DA:60,14
DA:64,12
DA:71,6
DA:73,12
DA:80,6
DA:83,1
DA:91,6
DA:92,6
DA:100,1
DA:153,1
DA:187,1
DA:188,18
DA:189,18
DA:190,18
LF:43
LH:36
BRDA:7,0,0,0
BRDA:8,1,0,0
BRDA:9,2,0,0
BRDA:10,3,0,0
BRDA:11,4,0,0
BRDA:20,5,0,4
BRDA:20,5,1,1
BRDA:21,6,0,4
BRDA:21,6,1,0
BRDA:26,7,0,5
BRDA:26,7,1,0
BRDA:27,8,0,5
BRDA:27,8,1,0
BRDA:44,9,0,0
BRDA:44,9,1,0
BRDA:48,10,0,0
BRDA:48,10,1,0
BRDA:62,11,0,12
BRDA:62,11,1,12
BRDA:63,12,0,12
BRDA:63,12,1,12
BRDA:69,13,0,6
BRDA:69,13,1,6
BRDA:74,14,0,0
BRDA:74,14,1,12
BRDA:77,15,0,6
BRDA:77,15,1,6
BRDA:94,16,0,6
BRDA:94,16,1,6
BRDA:97,17,0,6
BRDA:97,17,1,0
BRDA:113,18,0,6
BRDA:113,18,1,0
BRDA:126,19,0,12
BRDA:126,19,1,1
BRDA:188,20,0,0
BRDA:188,20,1,18
BRDA:188,21,0,18
BRDA:188,21,1,18
BRDA:190,22,0,18
BRDA:190,22,1,0
BRDA:190,23,0,18
BRDA:190,23,1,18
BRF:43
BRH:26
end_of_record
TN:
SF:src/components/Tabs.jsx
FN:9,(anonymous_0)
FN:16,(anonymous_1)
FN:18,(anonymous_2)
FNF:3
FNH:3
FNDA:3,(anonymous_0)
FNDA:9,(anonymous_1)
FNDA:1,(anonymous_2)
DA:9,1
DA:11,3
DA:13,3
DA:17,9
DA:18,1
LF:5
LH:5
BRDA:9,0,0,0
BRDA:19,1,0,3
BRDA:19,1,1,6
BRF:3
BRH:2
end_of_record
